<?xml version="1.0" encoding="UTF-8"?>
<!-- Generated by org.testng.reporters.JUnitReportReporter -->
<testsuite hostname="LAPTOP-CML1RU84" failures="0" tests="2" name="com.testautomation.MyAutomation.Guru99Registration" time="1.937" errors="0" timestamp="2021-12-05T20:13:58 IST" skipped="0">
  <testcase classname="com.testautomation.MyAutomation.Guru99Registration" name="Loign" time="1.935"/>
  <system-out/>
  <testcase classname="com.testautomation.MyAutomation.Guru99Registration" name="Loign1" time="0.002"/>
  <system-out/>
</testsuite> <!-- com.testautomation.MyAutomation.Guru99Registration -->
